  [1m[35m (0.3ms)[0m  [1m[35mSET NAMES utf8,  @@SESSION.sql_mode = CONCAT(CONCAT(@@sql_mode, ',STRICT_ALL_TABLES'), ',NO_AUTO_VALUE_ON_ZERO'),  @@SESSION.sql_auto_is_null = 0, @@SESSION.wait_timeout = 2147483[0m
  [1m[35m (252.6ms)[0m  [1m[35mCREATE TABLE `schema_migrations` (`version` varchar(255) NOT NULL PRIMARY KEY) ENGINE=InnoDB[0m
  [1m[35m (270.9ms)[0m  [1m[35mCREATE TABLE `ar_internal_metadata` (`key` varchar(255) NOT NULL PRIMARY KEY, `value` varchar(255), `created_at` datetime NOT NULL, `updated_at` datetime NOT NULL) ENGINE=InnoDB[0m
  [1m[35m (0.3ms)[0m  [1m[34mSELECT GET_LOCK(6073794286097296920, 0)[0m
  [1m[35m (0.2ms)[0m  [1m[34mSELECT `schema_migrations`.`version` FROM `schema_migrations` ORDER BY `schema_migrations`.`version` ASC[0m
  [1m[36mActiveRecord::InternalMetadata Load (0.3ms)[0m  [1m[34mSELECT  `ar_internal_metadata`.* FROM `ar_internal_metadata` WHERE `ar_internal_metadata`.`key` = 'environment' LIMIT 1[0m
  [1m[35m (0.1ms)[0m  [1m[35mBEGIN[0m
  [1m[35mSQL (0.2ms)[0m  [1m[32mINSERT INTO `ar_internal_metadata` (`key`, `value`, `created_at`, `updated_at`) VALUES ('environment', 'development', '2017-12-17 09:21:19', '2017-12-17 09:21:19')[0m
  [1m[35m (36.0ms)[0m  [1m[35mCOMMIT[0m
  [1m[35m (0.2ms)[0m  [1m[34mSELECT RELEASE_LOCK(6073794286097296920)[0m
  [1m[35m (0.2ms)[0m  [1m[34mSELECT `schema_migrations`.`version` FROM `schema_migrations` ORDER BY `schema_migrations`.`version` ASC[0m
Started GET "/" for 127.0.0.1 at 2017-12-17 14:51:41 +0530
Processing by Rails::WelcomeController#index as HTML
  Rendering /home/shibin/.rvm/gems/ruby-2.3.1/gems/railties-5.1.4/lib/rails/templates/rails/welcome/index.html.erb
  Rendered /home/shibin/.rvm/gems/ruby-2.3.1/gems/railties-5.1.4/lib/rails/templates/rails/welcome/index.html.erb (3.6ms)
Completed 200 OK in 136ms (Views: 15.5ms)


  [1m[35m (0.3ms)[0m  [1m[35mSET NAMES utf8,  @@SESSION.sql_mode = CONCAT(CONCAT(@@sql_mode, ',STRICT_ALL_TABLES'), ',NO_AUTO_VALUE_ON_ZERO'),  @@SESSION.sql_auto_is_null = 0, @@SESSION.wait_timeout = 2147483[0m
  [1m[35m (0.3ms)[0m  [1m[34mSELECT GET_LOCK(6073794286097296920, 0)[0m
  [1m[35m (0.3ms)[0m  [1m[34mSELECT `schema_migrations`.`version` FROM `schema_migrations` ORDER BY `schema_migrations`.`version` ASC[0m
Migrating to CreateMovies (20171217101618)
  [1m[35m (261.6ms)[0m  [1m[35mCREATE TABLE `movies` (`id` bigint NOT NULL AUTO_INCREMENT PRIMARY KEY, `title` varchar(255), `description` text, `movie_length` varchar(255), `director` varchar(255), `rating` varchar(255), `created_at` datetime NOT NULL, `updated_at` datetime NOT NULL) ENGINE=InnoDB[0m
  [1m[35m (0.2ms)[0m  [1m[35mBEGIN[0m
  [1m[35mSQL (0.2ms)[0m  [1m[32mINSERT INTO `schema_migrations` (`version`) VALUES ('20171217101618')[0m
  [1m[35m (36.6ms)[0m  [1m[35mCOMMIT[0m
  [1m[36mActiveRecord::InternalMetadata Load (0.4ms)[0m  [1m[34mSELECT  `ar_internal_metadata`.* FROM `ar_internal_metadata` WHERE `ar_internal_metadata`.`key` = 'environment' LIMIT 1[0m
  [1m[35m (0.2ms)[0m  [1m[35mBEGIN[0m
  [1m[35m (0.1ms)[0m  [1m[35mCOMMIT[0m
  [1m[35m (0.1ms)[0m  [1m[34mSELECT RELEASE_LOCK(6073794286097296920)[0m
  [1m[35m (0.4ms)[0m  [1m[34mSELECT `schema_migrations`.`version` FROM `schema_migrations` ORDER BY `schema_migrations`.`version` ASC[0m
Started GET "/" for 127.0.0.1 at 2017-12-17 22:07:58 +0530
  [1m[35m (0.3ms)[0m  [1m[35mSET NAMES utf8,  @@SESSION.sql_mode = CONCAT(CONCAT(@@sql_mode, ',STRICT_ALL_TABLES'), ',NO_AUTO_VALUE_ON_ZERO'),  @@SESSION.sql_auto_is_null = 0, @@SESSION.wait_timeout = 2147483[0m
  [1m[35m (0.3ms)[0m  [1m[34mSELECT `schema_migrations`.`version` FROM `schema_migrations` ORDER BY `schema_migrations`.`version` ASC[0m
Processing by Rails::WelcomeController#index as HTML
  Rendering /home/shibin/.rvm/gems/ruby-2.3.1/gems/railties-5.1.4/lib/rails/templates/rails/welcome/index.html.erb
  Rendered /home/shibin/.rvm/gems/ruby-2.3.1/gems/railties-5.1.4/lib/rails/templates/rails/welcome/index.html.erb (3.6ms)
Completed 200 OK in 16ms (Views: 8.2ms | ActiveRecord: 0.0ms)


Started GET "/movies" for 127.0.0.1 at 2017-12-17 22:08:04 +0530
Processing by MoviesController#index as HTML
  Rendering movies/index.html.erb within layouts/application
  [1m[35m (0.3ms)[0m  [1m[35mSET NAMES utf8,  @@SESSION.sql_mode = CONCAT(CONCAT(@@sql_mode, ',STRICT_ALL_TABLES'), ',NO_AUTO_VALUE_ON_ZERO'),  @@SESSION.sql_auto_is_null = 0, @@SESSION.wait_timeout = 2147483[0m
  [1m[36mMovie Load (0.3ms)[0m  [1m[34mSELECT `movies`.* FROM `movies`[0m
  Rendered movies/index.html.erb within layouts/application (6.8ms)
Completed 200 OK in 907ms (Views: 902.7ms | ActiveRecord: 1.5ms)


Started GET "/movies/new" for 127.0.0.1 at 2017-12-17 22:08:07 +0530
Processing by MoviesController#new as HTML
  Rendering movies/new.html.erb within layouts/application
  Rendered movies/_form.html.erb (33.8ms)
  Rendered movies/new.html.erb within layouts/application (35.1ms)
Completed 200 OK in 66ms (Views: 53.7ms | ActiveRecord: 0.9ms)


Started POST "/movies" for 127.0.0.1 at 2017-12-17 22:08:21 +0530
Processing by MoviesController#create as HTML
  Parameters: {"utf8"=>"✓", "authenticity_token"=>"WUQVd4EA+db50aBbh9p3aeU3DFS8iGDLJj0ZzaDUNqiy5DSEwfR8j1doPDo9IzvCIglPCNbxrW344v55GXA3Fw==", "movie"=>{"title"=>"efw", "description"=>"efwfe", "movie_length"=>"wec", "director"=>"cws", "rating"=>"9.0"}, "commit"=>"Create Movie"}
  [1m[35m (0.2ms)[0m  [1m[35mBEGIN[0m
  [1m[35mSQL (0.3ms)[0m  [1m[32mINSERT INTO `movies` (`title`, `description`, `movie_length`, `director`, `rating`, `created_at`, `updated_at`) VALUES ('efw', 'efwfe', 'wec', 'cws', '9.0', '2017-12-17 16:38:21', '2017-12-17 16:38:21')[0m
  [1m[35m (113.5ms)[0m  [1m[35mCOMMIT[0m
Redirected to http://localhost:3000/movies/1
Completed 302 Found in 122ms (ActiveRecord: 114.0ms)


Started GET "/movies/1" for 127.0.0.1 at 2017-12-17 22:08:21 +0530
Processing by MoviesController#show as HTML
  Parameters: {"id"=>"1"}
  [1m[36mMovie Load (0.4ms)[0m  [1m[34mSELECT  `movies`.* FROM `movies` WHERE `movies`.`id` = 1 LIMIT 1[0m
  Rendering movies/show.html.erb within layouts/application
  Rendered movies/show.html.erb within layouts/application (2.1ms)
Completed 200 OK in 52ms (Views: 30.2ms | ActiveRecord: 0.4ms)


Started GET "/movies" for 127.0.0.1 at 2017-12-17 22:08:28 +0530
Processing by MoviesController#index as HTML
  Rendering movies/index.html.erb within layouts/application
  [1m[36mMovie Load (0.3ms)[0m  [1m[34mSELECT `movies`.* FROM `movies`[0m
  Rendered movies/index.html.erb within layouts/application (3.1ms)
Completed 200 OK in 30ms (Views: 27.8ms | ActiveRecord: 0.3ms)


Started GET "/" for 127.0.0.1 at 2017-12-17 22:16:22 +0530
  [1m[35m (0.3ms)[0m  [1m[35mSET NAMES utf8,  @@SESSION.sql_mode = CONCAT(CONCAT(@@sql_mode, ',STRICT_ALL_TABLES'), ',NO_AUTO_VALUE_ON_ZERO'),  @@SESSION.sql_auto_is_null = 0, @@SESSION.wait_timeout = 2147483[0m
  [1m[35m (0.2ms)[0m  [1m[34mSELECT `schema_migrations`.`version` FROM `schema_migrations` ORDER BY `schema_migrations`.`version` ASC[0m
Processing by Rails::WelcomeController#index as HTML
  Rendering /home/shibin/.rvm/gems/ruby-2.3.1/gems/railties-5.1.4/lib/rails/templates/rails/welcome/index.html.erb
  Rendered /home/shibin/.rvm/gems/ruby-2.3.1/gems/railties-5.1.4/lib/rails/templates/rails/welcome/index.html.erb (3.2ms)
Completed 200 OK in 12ms (Views: 6.5ms | ActiveRecord: 0.0ms)


Started GET "/" for 127.0.0.1 at 2017-12-17 23:02:04 +0530
  [1m[35m (0.4ms)[0m  [1m[35mSET NAMES utf8,  @@SESSION.sql_mode = CONCAT(CONCAT(@@sql_mode, ',STRICT_ALL_TABLES'), ',NO_AUTO_VALUE_ON_ZERO'),  @@SESSION.sql_auto_is_null = 0, @@SESSION.wait_timeout = 2147483[0m
  [1m[35m (0.2ms)[0m  [1m[34mSELECT `schema_migrations`.`version` FROM `schema_migrations` ORDER BY `schema_migrations`.`version` ASC[0m
Processing by MoviesController#index as HTML
  Rendering movies/index.html.erb within layouts/application
  [1m[36mMovie Load (1.1ms)[0m  [1m[34mSELECT `movies`.* FROM `movies`[0m
  Rendered movies/index.html.erb within layouts/application (18.8ms)
Completed 200 OK in 211ms (Views: 199.7ms | ActiveRecord: 2.8ms)


Started GET "/" for ::1 at 2017-12-18 15:09:44 +0530
  [1m[35m (0.3ms)[0m  [1m[35mSET NAMES utf8,  @@SESSION.sql_mode = CONCAT(CONCAT(@@sql_mode, ',STRICT_ALL_TABLES'), ',NO_AUTO_VALUE_ON_ZERO'),  @@SESSION.sql_auto_is_null = 0, @@SESSION.wait_timeout = 2147483[0m
  [1m[35m (0.3ms)[0m  [1m[34mSELECT `schema_migrations`.`version` FROM `schema_migrations` ORDER BY `schema_migrations`.`version` ASC[0m
Processing by MoviesController#index as HTML
  Rendering movies/index.html.erb within layouts/application
  [1m[36mMovie Load (0.4ms)[0m  [1m[34mSELECT `movies`.* FROM `movies`[0m
  Rendered movies/index.html.erb within layouts/application (17.1ms)
Completed 200 OK in 234ms (Views: 223.0ms | ActiveRecord: 2.1ms)


